07/03 15:27:52 <FONT color="#2266CC"><U>User 'system' connected successfully</U></FONT>
07/03 15:28:08 <FONT color="#CC6622"><U>User 'system' disconnected</U></FONT>
07/03 15:28:09 <FONT color="#2266CC"><U>User 'system' connected successfully</U></FONT>
07/03 15:28:14 User 'system' try to start thread 'UpstreamChannelThread'
07/03 15:28:15 <FONT color="#0033CC"><B>UpstreamChannelThread started</B></FONT>
07/03 15:33:02 <FONT color="#CC6622"><U>User 'system' disconnected</U></FONT>
07/03 15:33:03 <FONT color="#2266CC"><U>User 'system' connected successfully</U></FONT>
07/03 15:33:06 <FONT color="#CC6622"><U>User 'system' disconnected</U></FONT>
07/03 15:33:07 <FONT color="#2266CC"><U>User 'system' connected successfully</U></FONT>
07/03 15:34:03 <FONT color="#2266CC"><U>User 'system' connected successfully</U></FONT>
07/03 15:34:08 <FONT color="#CC6622"><U>User 'system' disconnected</U></FONT>
07/03 15:34:10 <FONT color="#2266CC"><U>User 'system' connected successfully</U></FONT>
07/03 15:34:15 User 'system' try to start thread 'UpstreamChannelThread'
07/03 15:34:15 <FONT color="#0033CC"><B>UpstreamChannelThread started</B></FONT>
07/03 15:43:34 <FONT color="#2266CC"><U>User 'system' connected successfully</U></FONT>
07/03 15:43:38 <FONT color="#CC6622"><U>User 'system' disconnected</U></FONT>
07/03 15:43:40 <FONT color="#2266CC"><U>User 'system' connected successfully</U></FONT>
07/03 15:43:54 User 'system' try to start thread 'UpstreamChannelThread'
07/03 15:43:54 <FONT color="#0033CC"><B>UpstreamChannelThread started</B></FONT>
07/03 15:54:25 <FONT color="#2266CC"><U>User 'system' connected successfully</U></FONT>
07/03 15:54:29 <FONT color="#CC6622"><U>User 'system' disconnected</U></FONT>
07/03 15:54:30 <FONT color="#2266CC"><U>User 'system' connected successfully</U></FONT>
07/03 15:54:36 User 'system' try to start thread 'UpstreamChannelThread'
07/03 15:54:37 <FONT color="#0033CC"><B>UpstreamChannelThread started</B></FONT>
07/03 16:04:20 <FONT color="#2266CC"><U>User 'system' connected successfully</U></FONT>
07/03 16:04:23 <FONT color="#CC6622"><U>User 'system' disconnected</U></FONT>
07/03 16:04:24 <FONT color="#2266CC"><U>User 'system' connected successfully</U></FONT>
07/03 16:04:29 User 'system' try to start thread 'UpstreamChannelThread'
07/03 16:04:30 <FONT color="#0033CC"><B>UpstreamChannelThread started</B></FONT>
07/03 16:17:11 <FONT color="#2266CC"><U>User 'system' connected successfully</U></FONT>
07/03 16:17:14 <FONT color="#CC6622"><U>User 'system' disconnected</U></FONT>
07/03 16:17:15 <FONT color="#2266CC"><U>User 'system' connected successfully</U></FONT>
07/03 16:17:19 User 'system' try to start thread 'UpstreamChannelThread'
07/03 16:17:19 <FONT color="#0033CC"><B>UpstreamChannelThread started</B></FONT>
07/03 16:22:31 <FONT color="#2266CC"><U>User 'system' connected successfully</U></FONT>
07/03 16:22:35 <FONT color="#CC6622"><U>User 'system' disconnected</U></FONT>
07/03 16:22:36 <FONT color="#2266CC"><U>User 'system' connected successfully</U></FONT>
07/03 16:22:41 User 'system' try to start thread 'UpstreamChannelThread'
07/03 16:22:42 <FONT color="#0033CC"><B>UpstreamChannelThread started</B></FONT>
07/03 16:47:31 <FONT color="#2266CC"><U>User 'system' connected successfully</U></FONT>
07/03 16:47:35 <FONT color="#CC6622"><U>User 'system' disconnected</U></FONT>
07/03 16:47:36 <FONT color="#2266CC"><U>User 'system' connected successfully</U></FONT>
07/03 16:50:14 <FONT color="#2266CC"><U>User 'system' connected successfully</U></FONT>
07/03 16:50:17 <FONT color="#CC6622"><U>User 'system' disconnected</U></FONT>
07/03 16:50:18 <FONT color="#2266CC"><U>User 'system' connected successfully</U></FONT>
07/03 16:50:26 User 'system' try to start thread 'UpstreamChannelThread'
07/03 16:50:27 <FONT color="#0033CC"><B>UpstreamChannelThread started</B></FONT>
07/03 16:51:49 User 'system' try to destroy thread 'UpstreamChannelThread'
07/03 16:54:47 <FONT color="#2266CC"><U>User 'system' connected successfully</U></FONT>
07/03 16:54:50 <FONT color="#CC6622"><U>User 'system' disconnected</U></FONT>
07/03 16:54:51 <FONT color="#2266CC"><U>User 'system' connected successfully</U></FONT>
07/03 16:54:55 User 'system' try to start thread 'UpstreamChannelThread'
07/03 16:54:55 <FONT color="#0033CC"><B>UpstreamChannelThread started</B></FONT>
07/03 16:59:24 <FONT color="#2266CC"><U>User 'system' connected successfully</U></FONT>
07/03 16:59:27 <FONT color="#CC6622"><U>User 'system' disconnected</U></FONT>
07/03 16:59:28 <FONT color="#2266CC"><U>User 'system' connected successfully</U></FONT>
07/03 16:59:43 User 'system' try to start thread 'UpstreamChannelThread'
07/03 16:59:43 <FONT color="#0033CC"><B>UpstreamChannelThread started</B></FONT>
07/03 17:05:42 <FONT color="#2266CC"><U>User 'system' connected successfully</U></FONT>
07/03 17:05:46 <FONT color="#CC6622"><U>User 'system' disconnected</U></FONT>
07/03 17:05:47 <FONT color="#2266CC"><U>User 'system' connected successfully</U></FONT>
07/03 17:05:51 User 'system' try to start thread 'UpstreamChannelThread'
07/03 17:05:51 <FONT color="#0033CC"><B>UpstreamChannelThread started</B></FONT>
07/03 17:12:14 <FONT color="#2266CC"><U>User 'system' connected successfully</U></FONT>
07/03 17:12:19 <FONT color="#CC6622"><U>User 'system' disconnected</U></FONT>
07/03 17:12:20 <FONT color="#2266CC"><U>User 'system' connected successfully</U></FONT>
07/03 17:12:23 User 'system' try to start thread 'UpstreamChannelThread'
07/03 17:12:23 <FONT color="#0033CC"><B>UpstreamChannelThread started</B></FONT>
07/03 17:44:34 User 'system' try to destroy thread 'UpstreamChannelThread'
07/03 17:44:39 User 'system' try to start thread 'UpstreamChannelThread'
07/03 17:44:40 <FONT color="#0033CC"><B>UpstreamChannelThread started</B></FONT>
07/03 17:45:10 User 'system' try to destroy thread 'UpstreamChannelThread'
07/03 17:46:42 <FONT color="#2266CC"><U>User 'system' connected successfully</U></FONT>
07/03 17:46:46 <FONT color="#CC6622"><U>User 'system' disconnected</U></FONT>
07/03 17:46:47 <FONT color="#2266CC"><U>User 'system' connected successfully</U></FONT>
07/03 17:46:56 User 'system' try to start thread 'UpstreamChannelThread'
07/03 17:46:57 <FONT color="#0033CC"><B>UpstreamChannelThread started</B></FONT>
07/03 18:04:22 <FONT color="#2266CC"><U>User 'system' connected successfully</U></FONT>
07/03 18:04:26 <FONT color="#CC6622"><U>User 'system' disconnected</U></FONT>
07/03 18:04:27 <FONT color="#2266CC"><U>User 'system' connected successfully</U></FONT>
07/03 18:06:08 <FONT color="#2266CC"><U>User 'system' connected successfully</U></FONT>
07/03 18:06:15 <FONT color="#CC6622"><U>User 'system' disconnected</U></FONT>
07/03 18:06:16 <FONT color="#2266CC"><U>User 'system' connected successfully</U></FONT>
07/03 18:06:20 User 'system' try to start thread 'UpstreamChannelThread'
07/03 18:06:20 <FONT color="#0033CC"><B>UpstreamChannelThread started</B></FONT>
07/03 18:20:38 User 'system' try to destroy thread 'UpstreamChannelThread'
07/03 18:20:43 User 'system' try to start thread 'UpstreamChannelThread'
07/03 18:20:44 <FONT color="#0033CC"><B>UpstreamChannelThread started</B></FONT>
07/03 18:21:02 User 'system' try to destroy thread 'UpstreamChannelThread'
07/03 18:23:03 <FONT color="#CC6622"><U>User 'system' disconnected</U></FONT>
07/03 18:23:04 <FONT color="#2266CC"><U>User 'system' connected successfully</U></FONT>
07/03 18:23:08 <FONT color="#CC6622"><U>User 'system' disconnected</U></FONT>
07/03 18:23:09 <FONT color="#2266CC"><U>User 'system' connected successfully</U></FONT>
07/03 18:23:14 User 'system' try to start thread 'UpstreamChannelThread'
07/03 18:23:15 <FONT color="#0033CC"><B>UpstreamChannelThread started</B></FONT>
07/03 18:29:22 <FONT color="#2266CC"><U>User 'system' connected successfully</U></FONT>
07/03 18:29:28 <FONT color="#CC6622"><U>User 'system' disconnected</U></FONT>
07/03 18:29:29 <FONT color="#2266CC"><U>User 'system' connected successfully</U></FONT>
07/03 18:29:37 User 'system' try to start thread 'UpstreamChannelThread'
07/03 18:29:37 <FONT color="#0033CC"><B>UpstreamChannelThread started</B></FONT>
07/03 19:07:53 User 'system' try to start thread 'UpstreamChannelThread'
07/03 19:07:54 <FONT color="#0033CC"><B>UpstreamChannelThread started</B></FONT>
07/03 19:08:18 User 'system' try to destroy thread 'UpstreamChannelThread'
07/03 19:08:20 User 'system' try to start thread 'UpstreamChannelThread'
07/03 19:08:21 <FONT color="#0033CC"><B>UpstreamChannelThread started</B></FONT>
07/03 19:13:43 User 'system' try to destroy thread 'UpstreamChannelThread'
07/03 19:28:07 <FONT color="#2266CC"><U>User 'system' connected successfully</U></FONT>
07/03 19:28:12 <FONT color="#CC6622"><U>User 'system' disconnected</U></FONT>
07/03 19:28:15 <FONT color="#2266CC"><U>User 'system' connected successfully</U></FONT>
07/03 19:28:25 User 'system' try to start thread 'UpstreamChannelThread'
07/03 19:28:26 <FONT color="#0033CC"><B>UpstreamChannelThread started</B></FONT>
07/03 20:02:24 <FONT color="#2266CC"><U>User 'system' connected successfully</U></FONT>
07/03 20:02:28 <FONT color="#CC6622"><U>User 'system' disconnected</U></FONT>
07/03 20:02:29 <FONT color="#2266CC"><U>User 'system' connected successfully</U></FONT>
07/03 20:02:34 User 'system' try to start thread 'UpstreamChannelThread'
07/03 20:02:35 <FONT color="#0033CC"><B>UpstreamChannelThread started</B></FONT>
07/03 21:22:27 User 'system' try to destroy thread 'UpstreamChannelThread'
07/03 21:22:39 <FONT color="#CC6622"><U>User 'system' disconnected</U></FONT>
08/03 19:44:00 <FONT color="#2266CC"><U>User 'system' connected successfully</U></FONT>
08/03 19:44:10 User 'system' try to start thread 'CableModemThread'
08/03 19:44:10 <FONT color="#0033CC"><B>CableModemThread started</B></FONT>
08/03 19:44:52 User 'system' try to destroy thread 'CableModemThread'
08/03 19:45:34 User 'system' try to start thread 'CableModemThread'
08/03 19:45:34 <FONT color="#0033CC"><B>CableModemThread started</B></FONT>
08/03 19:51:43 <FONT color="#2266CC"><U>User 'system' connected successfully</U></FONT>
08/03 19:51:47 <FONT color="#CC6622"><U>User 'system' disconnected</U></FONT>
08/03 19:51:48 <FONT color="#2266CC"><U>User 'system' connected successfully</U></FONT>
08/03 19:52:02 User 'system' try to start thread 'CableModemThread'
08/03 19:52:03 <FONT color="#0033CC"><B>CableModemThread started</B></FONT>
08/03 19:56:00 User 'system' try to start thread 'CableModemThread'
08/03 19:56:01 <FONT color="#CC0033"><B>CableModemThread stopped</B></FONT>
08/03 19:56:03 <FONT color="#0033CC"><B>CableModemThread started</B></FONT>
08/03 19:59:52 <FONT color="#2266CC"><U>User 'system' connected successfully</U></FONT>
08/03 19:59:57 <FONT color="#CC6622"><U>User 'system' disconnected</U></FONT>
08/03 19:59:59 <FONT color="#2266CC"><U>User 'system' connected successfully</U></FONT>
08/03 20:00:05 User 'system' try to start thread 'CableModemThread'
08/03 20:00:05 <FONT color="#0033CC"><B>CableModemThread started</B></FONT>
08/03 20:05:57 <FONT color="#2266CC"><U>User 'system' connected successfully</U></FONT>
08/03 20:06:02 <FONT color="#CC6622"><U>User 'system' disconnected</U></FONT>
08/03 20:06:02 <FONT color="#2266CC"><U>User 'system' connected successfully</U></FONT>
08/03 20:06:16 User 'system' try to start thread 'CableModemThread'
08/03 20:06:17 <FONT color="#0033CC"><B>CableModemThread started</B></FONT>
08/03 20:12:10 <FONT color="#2266CC"><U>User 'system' connected successfully</U></FONT>
08/03 20:12:13 <FONT color="#CC6622"><U>User 'system' disconnected</U></FONT>
08/03 20:12:14 <FONT color="#2266CC"><U>User 'system' connected successfully</U></FONT>
08/03 20:12:19 User 'system' try to start thread 'CableModemThread'
08/03 20:12:20 <FONT color="#0033CC"><B>CableModemThread started</B></FONT>
08/03 20:17:32 <FONT color="#2266CC"><U>User 'system' connected successfully</U></FONT>
08/03 20:17:35 <FONT color="#CC6622"><U>User 'system' disconnected</U></FONT>
08/03 20:17:36 <FONT color="#2266CC"><U>User 'system' connected successfully</U></FONT>
08/03 20:17:41 User 'system' try to start thread 'CableModemThread'
08/03 20:17:42 <FONT color="#0033CC"><B>CableModemThread started</B></FONT>
08/03 20:22:23 <FONT color="#2266CC"><U>User 'system' connected successfully</U></FONT>
08/03 20:22:27 <FONT color="#CC6622"><U>User 'system' disconnected</U></FONT>
08/03 20:22:29 <FONT color="#2266CC"><U>User 'system' connected successfully</U></FONT>
08/03 20:22:34 User 'system' try to start thread 'CableModemThread'
08/03 20:22:35 <FONT color="#0033CC"><B>CableModemThread started</B></FONT>
08/03 20:25:21 <FONT color="#2266CC"><U>User 'system' connected successfully</U></FONT>
08/03 20:25:24 <FONT color="#CC6622"><U>User 'system' disconnected</U></FONT>
08/03 20:25:25 <FONT color="#2266CC"><U>User 'system' connected successfully</U></FONT>
08/03 20:25:30 User 'system' try to start thread 'CableModemThread'
08/03 20:25:30 <FONT color="#0033CC"><B>CableModemThread started</B></FONT>
08/03 20:31:36 <FONT color="#2266CC"><U>User 'system' connected successfully</U></FONT>
08/03 20:31:39 <FONT color="#CC6622"><U>User 'system' disconnected</U></FONT>
08/03 20:31:40 <FONT color="#2266CC"><U>User 'system' connected successfully</U></FONT>
08/03 20:31:47 User 'system' try to start thread 'CableModemThread'
08/03 20:31:48 <FONT color="#0033CC"><B>CableModemThread started</B></FONT>
08/03 20:46:08 <FONT color="#2266CC"><U>User 'system' connected successfully</U></FONT>
08/03 20:46:12 <FONT color="#CC6622"><U>User 'system' disconnected</U></FONT>
08/03 20:46:14 <FONT color="#2266CC"><U>User 'system' connected successfully</U></FONT>
08/03 20:46:19 User 'system' try to start thread 'CableModemThread'
08/03 20:46:19 <FONT color="#0033CC"><B>CableModemThread started</B></FONT>
08/03 20:47:37 <FONT color="#2266CC"><U>User 'system' connected successfully</U></FONT>
08/03 20:47:42 <FONT color="#CC6622"><U>User 'system' disconnected</U></FONT>
08/03 20:47:44 <FONT color="#2266CC"><U>User 'system' connected successfully</U></FONT>
08/03 20:47:50 User 'system' try to start thread 'CableModemThread'
08/03 20:47:51 <FONT color="#0033CC"><B>CableModemThread started</B></FONT>
08/03 21:20:32 <FONT color="#2266CC"><U>User 'system' connected successfully</U></FONT>
08/03 21:20:37 <FONT color="#CC6622"><U>User 'system' disconnected</U></FONT>
08/03 21:20:38 <FONT color="#2266CC"><U>User 'system' connected successfully</U></FONT>
08/03 21:21:02 User 'system' try to start thread 'CableModemThread'
08/03 21:21:03 <FONT color="#0033CC"><B>CableModemThread started</B></FONT>
08/03 21:21:57 User 'system' try to destroy thread 'CableModemThread'
08/03 21:22:44 <FONT color="#2266CC"><U>User 'system' connected successfully</U></FONT>
08/03 21:22:47 <FONT color="#CC6622"><U>User 'system' disconnected</U></FONT>
08/03 21:22:49 <FONT color="#2266CC"><U>User 'system' connected successfully</U></FONT>
08/03 21:23:02 User 'system' try to start thread 'CableModemThread'
08/03 21:23:02 <FONT color="#0033CC"><B>CableModemThread started</B></FONT>
08/03 21:24:43 <FONT color="#2266CC"><U>User 'system' connected successfully</U></FONT>
08/03 21:24:48 <FONT color="#CC6622"><U>User 'system' disconnected</U></FONT>
08/03 21:24:49 <FONT color="#2266CC"><U>User 'system' connected successfully</U></FONT>
08/03 21:24:56 User 'system' try to start thread 'CableModemThread'
08/03 21:24:57 <FONT color="#0033CC"><B>CableModemThread started</B></FONT>
08/03 21:33:36 <FONT color="#2266CC"><U>User 'system' connected successfully</U></FONT>
08/03 21:33:39 <FONT color="#CC6622"><U>User 'system' disconnected</U></FONT>
08/03 21:33:40 <FONT color="#2266CC"><U>User 'system' connected successfully</U></FONT>
08/03 21:33:47 User 'system' try to start thread 'CableModemThread'
08/03 21:33:48 <FONT color="#0033CC"><B>CableModemThread started</B></FONT>
08/03 21:36:57 <FONT color="#2266CC"><U>User 'system' connected successfully</U></FONT>
08/03 21:37:09 <FONT color="#CC6622"><U>User 'system' disconnected</U></FONT>
08/03 21:37:09 <FONT color="#2266CC"><U>User 'system' connected successfully</U></FONT>
08/03 21:37:14 User 'system' try to start thread 'CableModemThread'
08/03 21:37:15 <FONT color="#0033CC"><B>CableModemThread started</B></FONT>
08/03 21:38:39 <FONT color="#2266CC"><U>User 'system' connected successfully</U></FONT>
08/03 21:38:43 <FONT color="#CC6622"><U>User 'system' disconnected</U></FONT>
08/03 21:38:44 <FONT color="#2266CC"><U>User 'system' connected successfully</U></FONT>
08/03 21:38:50 User 'system' try to start thread 'CableModemThread'
08/03 21:38:51 <FONT color="#0033CC"><B>CableModemThread started</B></FONT>
08/03 21:40:21 User 'system' try to start thread 'CableModemThread'
08/03 21:40:23 <FONT color="#CC0033"><B>CableModemThread stopped</B></FONT>
08/03 21:40:24 <FONT color="#0033CC"><B>CableModemThread started</B></FONT>
08/03 21:43:23 <FONT color="#2266CC"><U>User 'system' connected successfully</U></FONT>
08/03 21:43:26 <FONT color="#CC6622"><U>User 'system' disconnected</U></FONT>
08/03 21:43:28 <FONT color="#2266CC"><U>User 'system' connected successfully</U></FONT>
08/03 21:43:35 User 'system' try to start thread 'CableModemThread'
08/03 21:43:35 <FONT color="#0033CC"><B>CableModemThread started</B></FONT>
08/03 21:45:04 <FONT color="#2266CC"><U>User 'system' connected successfully</U></FONT>
08/03 21:45:09 <FONT color="#CC6622"><U>User 'system' disconnected</U></FONT>
08/03 21:45:11 <FONT color="#2266CC"><U>User 'system' connected successfully</U></FONT>
08/03 21:45:17 User 'system' try to start thread 'CableModemThread'
08/03 21:45:17 <FONT color="#0033CC"><B>CableModemThread started</B></FONT>
08/03 21:49:45 <FONT color="#2266CC"><U>User 'system' connected successfully</U></FONT>
08/03 21:49:49 <FONT color="#CC6622"><U>User 'system' disconnected</U></FONT>
08/03 21:49:50 <FONT color="#2266CC"><U>User 'system' connected successfully</U></FONT>
08/03 21:49:56 User 'system' try to start thread 'CableModemThread'
08/03 21:49:57 <FONT color="#0033CC"><B>CableModemThread started</B></FONT>
08/03 22:03:31 User 'system' try to destroy thread 'CableModemThread'
08/03 22:06:59 User 'system' try to start thread 'CableModemThread'
08/03 22:07:00 <FONT color="#0033CC"><B>CableModemThread started</B></FONT>
08/03 22:07:28 User 'system' try to destroy thread 'CableModemThread'
08/03 22:14:44 <FONT color="#2266CC"><U>User 'system' connected successfully</U></FONT>
08/03 22:14:48 <FONT color="#CC6622"><U>User 'system' disconnected</U></FONT>
08/03 22:14:49 <FONT color="#2266CC"><U>User 'system' connected successfully</U></FONT>
08/03 22:14:54 User 'system' try to start thread 'CableModemThread'
08/03 22:14:55 <FONT color="#0033CC"><B>CableModemThread started</B></FONT>
08/03 22:15:46 <FONT color="#2266CC"><U>User 'system' connected successfully</U></FONT>
08/03 22:15:49 <FONT color="#CC6622"><U>User 'system' disconnected</U></FONT>
08/03 22:15:50 <FONT color="#2266CC"><U>User 'system' connected successfully</U></FONT>
08/03 22:15:56 User 'system' try to start thread 'CableModemThread'
08/03 22:15:57 <FONT color="#0033CC"><B>CableModemThread started</B></FONT>
08/03 22:34:49 <FONT color="#2266CC"><U>User 'system' connected successfully</U></FONT>
08/03 22:34:52 <FONT color="#CC6622"><U>User 'system' disconnected</U></FONT>
08/03 22:34:55 <FONT color="#2266CC"><U>User 'system' connected successfully</U></FONT>
08/03 22:35:02 User 'system' try to start thread 'CableModemThread'
08/03 22:35:03 <FONT color="#0033CC"><B>CableModemThread started</B></FONT>
08/03 22:36:36 <FONT color="#2266CC"><U>User 'system' connected successfully</U></FONT>
08/03 22:36:39 <FONT color="#CC6622"><U>User 'system' disconnected</U></FONT>
08/03 22:36:40 <FONT color="#2266CC"><U>User 'system' connected successfully</U></FONT>
08/03 22:36:44 User 'system' try to start thread 'CableModemThread'
08/03 22:36:44 <FONT color="#0033CC"><B>CableModemThread started</B></FONT>
08/03 22:40:03 <FONT color="#2266CC"><U>User 'system' connected successfully</U></FONT>
08/03 22:40:06 <FONT color="#CC6622"><U>User 'system' disconnected</U></FONT>
08/03 22:40:07 <FONT color="#2266CC"><U>User 'system' connected successfully</U></FONT>
08/03 22:40:13 User 'system' try to start thread 'CableModemThread'
08/03 22:40:14 <FONT color="#0033CC"><B>CableModemThread started</B></FONT>
08/03 22:42:32 <FONT color="#2266CC"><U>User 'system' connected successfully</U></FONT>
08/03 22:42:49 <FONT color="#CC6622"><U>User 'system' disconnected</U></FONT>
08/03 22:42:50 <FONT color="#2266CC"><U>User 'system' connected successfully</U></FONT>
08/03 22:42:55 User 'system' try to start thread 'CableModemThread'
08/03 22:42:55 <FONT color="#0033CC"><B>CableModemThread started</B></FONT>
08/03 22:43:29 User 'system' try to destroy thread 'CableModemThread'
08/03 22:44:20 <FONT color="#2266CC"><U>User 'system' connected successfully</U></FONT>
08/03 22:44:23 <FONT color="#CC6622"><U>User 'system' disconnected</U></FONT>
08/03 22:44:24 <FONT color="#2266CC"><U>User 'system' connected successfully</U></FONT>
08/03 22:44:32 User 'system' try to start thread 'CableModemThread'
08/03 22:44:32 <FONT color="#0033CC"><B>CableModemThread started</B></FONT>
08/03 22:45:58 <FONT color="#2266CC"><U>User 'system' connected successfully</U></FONT>
08/03 22:46:01 <FONT color="#CC6622"><U>User 'system' disconnected</U></FONT>
08/03 22:46:02 <FONT color="#2266CC"><U>User 'system' connected successfully</U></FONT>
08/03 22:46:12 User 'system' try to start thread 'CableModemThread'
08/03 22:46:13 <FONT color="#0033CC"><B>CableModemThread started</B></FONT>
08/03 22:47:17 <FONT color="#2266CC"><U>User 'system' connected successfully</U></FONT>
08/03 22:47:20 <FONT color="#CC6622"><U>User 'system' disconnected</U></FONT>
08/03 22:47:21 <FONT color="#2266CC"><U>User 'system' connected successfully</U></FONT>
08/03 22:47:26 User 'system' try to start thread 'CableModemThread'
08/03 22:47:26 <FONT color="#0033CC"><B>CableModemThread started</B></FONT>
08/03 22:48:31 <FONT color="#2266CC"><U>User 'system' connected successfully</U></FONT>
08/03 22:48:38 <FONT color="#CC6622"><U>User 'system' disconnected</U></FONT>
08/03 22:48:39 <FONT color="#2266CC"><U>User 'system' connected successfully</U></FONT>
08/03 22:49:01 User 'system' try to start thread 'CableModemThread'
08/03 22:49:01 <FONT color="#0033CC"><B>CableModemThread started</B></FONT>
08/03 22:53:50 <FONT color="#2266CC"><U>User 'system' connected successfully</U></FONT>
08/03 22:53:54 <FONT color="#CC6622"><U>User 'system' disconnected</U></FONT>
08/03 22:53:55 <FONT color="#2266CC"><U>User 'system' connected successfully</U></FONT>
08/03 22:54:01 User 'system' try to start thread 'CableModemThread'
08/03 22:54:01 <FONT color="#0033CC"><B>CableModemThread started</B></FONT>
08/03 22:58:36 <FONT color="#2266CC"><U>User 'system' connected successfully</U></FONT>
08/03 22:58:39 <FONT color="#CC6622"><U>User 'system' disconnected</U></FONT>
08/03 22:58:40 <FONT color="#2266CC"><U>User 'system' connected successfully</U></FONT>
08/03 22:58:45 User 'system' try to start thread 'CableModemThread'
08/03 22:58:46 <FONT color="#0033CC"><B>CableModemThread started</B></FONT>
08/03 23:02:22 <FONT color="#2266CC"><U>User 'system' connected successfully</U></FONT>
08/03 23:02:24 <FONT color="#CC6622"><U>User 'system' disconnected</U></FONT>
08/03 23:02:25 <FONT color="#2266CC"><U>User 'system' connected successfully</U></FONT>
08/03 23:02:30 User 'system' try to start thread 'CableModemThread'
08/03 23:02:31 <FONT color="#0033CC"><B>CableModemThread started</B></FONT>
08/03 23:09:53 <FONT color="#CC6622"><U>User 'system' disconnected</U></FONT>
08/03 23:09:54 <FONT color="#2266CC"><U>User 'system' connected successfully</U></FONT>
08/03 23:10:30 <FONT color="#2266CC"><U>User 'system' connected successfully</U></FONT>
08/03 23:10:33 <FONT color="#CC6622"><U>User 'system' disconnected</U></FONT>
08/03 23:10:34 <FONT color="#2266CC"><U>User 'system' connected successfully</U></FONT>
08/03 23:10:40 User 'system' try to start thread 'CableModemThread'
08/03 23:10:40 <FONT color="#0033CC"><B>CableModemThread started</B></FONT>
08/03 23:13:37 User 'system' try to destroy thread 'CableModemThread'
08/03 23:14:03 <FONT color="#2266CC"><U>User 'system' connected successfully</U></FONT>
08/03 23:14:14 <FONT color="#CC6622"><U>User 'system' disconnected</U></FONT>
08/03 23:14:16 <FONT color="#2266CC"><U>User 'system' connected successfully</U></FONT>
08/03 23:14:25 User 'system' try to start thread 'CableModemThread'
08/03 23:14:25 <FONT color="#0033CC"><B>CableModemThread started</B></FONT>
08/03 23:16:56 <FONT color="#2266CC"><U>User 'system' connected successfully</U></FONT>
08/03 23:16:58 <FONT color="#CC6622"><U>User 'system' disconnected</U></FONT>
08/03 23:16:59 <FONT color="#2266CC"><U>User 'system' connected successfully</U></FONT>
08/03 23:17:05 User 'system' try to start thread 'CableModemThread'
08/03 23:17:06 <FONT color="#0033CC"><B>CableModemThread started</B></FONT>
08/03 23:21:35 <FONT color="#2266CC"><U>User 'system' connected successfully</U></FONT>
08/03 23:21:38 <FONT color="#CC6622"><U>User 'system' disconnected</U></FONT>
08/03 23:21:39 <FONT color="#2266CC"><U>User 'system' connected successfully</U></FONT>
08/03 23:21:44 User 'system' try to start thread 'CableModemThread'
08/03 23:21:45 <FONT color="#0033CC"><B>CableModemThread started</B></FONT>
08/03 23:26:54 <FONT color="#2266CC"><U>User 'system' connected successfully</U></FONT>
08/03 23:26:57 <FONT color="#CC6622"><U>User 'system' disconnected</U></FONT>
08/03 23:26:58 <FONT color="#2266CC"><U>User 'system' connected successfully</U></FONT>
08/03 23:27:03 User 'system' try to start thread 'CableModemThread'
08/03 23:27:03 <FONT color="#0033CC"><B>CableModemThread started</B></FONT>
08/03 23:41:34 <FONT color="#2266CC"><U>User 'system' connected successfully</U></FONT>
08/03 23:41:37 <FONT color="#CC6622"><U>User 'system' disconnected</U></FONT>
08/03 23:41:38 <FONT color="#2266CC"><U>User 'system' connected successfully</U></FONT>
08/03 23:41:44 User 'system' try to start thread 'UpstreamChannelThread'
08/03 23:41:45 <FONT color="#0033CC"><B>UpstreamChannelThread started</B></FONT>
08/03 23:41:55 User 'system' try to start thread 'CableModemThread'
08/03 23:41:56 <FONT color="#0033CC"><B>CableModemThread started</B></FONT>
08/03 23:44:43 User 'system' try to start thread 'CableModemThread'
08/03 23:44:44 <FONT color="#CC0033"><B>CableModemThread stopped</B></FONT>
08/03 23:44:46 <FONT color="#0033CC"><B>CableModemThread started</B></FONT>
08/03 23:45:40 User 'system' try to update parameter of thread 'UpstreamChannelThread'
08/03 23:46:30 User 'system' try to destroy thread 'UpstreamChannelThread'
08/03 23:46:39 User 'system' try to update parameter of thread 'UpstreamChannelThread'
08/03 23:47:32 User 'system' try to destroy thread 'CableModemThread'
08/03 23:49:05 <FONT color="#2266CC"><U>User 'system' connected successfully</U></FONT>
08/03 23:49:09 <FONT color="#CC6622"><U>User 'system' disconnected</U></FONT>
08/03 23:49:10 <FONT color="#2266CC"><U>User 'system' connected successfully</U></FONT>
08/03 23:49:19 User 'system' try to start thread 'CableModemThread'
08/03 23:49:19 <FONT color="#0033CC"><B>CableModemThread started</B></FONT>
08/03 23:52:57 User 'system' try to destroy thread 'CableModemThread'
08/03 23:59:29 <FONT color="#2266CC"><U>User 'system' connected successfully</U></FONT>
08/03 23:59:32 <FONT color="#CC6622"><U>User 'system' disconnected</U></FONT>
08/03 23:59:33 <FONT color="#2266CC"><U>User 'system' connected successfully</U></FONT>
08/03 23:59:38 User 'system' try to start thread 'CableModemThread'
08/03 23:59:39 <FONT color="#0033CC"><B>CableModemThread started</B></FONT>
09/03 00:07:01 <FONT color="#2266CC"><U>User 'system' connected successfully</U></FONT>
09/03 00:07:04 <FONT color="#CC6622"><U>User 'system' disconnected</U></FONT>
09/03 00:07:05 <FONT color="#2266CC"><U>User 'system' connected successfully</U></FONT>
09/03 00:07:10 User 'system' try to start thread 'CableModemThread'
09/03 00:07:11 <FONT color="#0033CC"><B>CableModemThread started</B></FONT>
09/03 00:11:10 User 'system' try to destroy thread 'CableModemThread'
09/03 00:12:12 <FONT color="#2266CC"><U>User 'system' connected successfully</U></FONT>
09/03 00:12:15 <FONT color="#CC6622"><U>User 'system' disconnected</U></FONT>
09/03 00:12:16 <FONT color="#2266CC"><U>User 'system' connected successfully</U></FONT>
09/03 00:12:23 User 'system' try to start thread 'CableModemThread'
09/03 00:12:24 <FONT color="#0033CC"><B>CableModemThread started</B></FONT>
09/03 00:17:50 <FONT color="#2266CC"><U>User 'system' connected successfully</U></FONT>
09/03 00:17:53 <FONT color="#CC6622"><U>User 'system' disconnected</U></FONT>
09/03 00:17:54 <FONT color="#2266CC"><U>User 'system' connected successfully</U></FONT>
09/03 00:18:00 User 'system' try to start thread 'CableModemThread'
09/03 00:18:01 <FONT color="#0033CC"><B>CableModemThread started</B></FONT>
09/03 00:18:14 User 'system' try to destroy thread 'CableModemThread'
09/03 00:18:55 <FONT color="#2266CC"><U>User 'system' connected successfully</U></FONT>
09/03 00:18:58 <FONT color="#CC6622"><U>User 'system' disconnected</U></FONT>
09/03 00:18:59 <FONT color="#2266CC"><U>User 'system' connected successfully</U></FONT>
09/03 00:19:08 User 'system' try to start thread 'CableModemThread'
09/03 00:19:08 <FONT color="#0033CC"><B>CableModemThread started</B></FONT>
09/03 00:22:40 <FONT color="#2266CC"><U>User 'system' connected successfully</U></FONT>
09/03 00:22:43 <FONT color="#CC6622"><U>User 'system' disconnected</U></FONT>
09/03 00:22:43 <FONT color="#2266CC"><U>User 'system' connected successfully</U></FONT>
09/03 00:22:48 User 'system' try to start thread 'CableModemThread'
09/03 00:22:49 <FONT color="#0033CC"><B>CableModemThread started</B></FONT>
09/03 00:25:07 <FONT color="#2266CC"><U>User 'system' connected successfully</U></FONT>
09/03 00:25:10 <FONT color="#CC6622"><U>User 'system' disconnected</U></FONT>
09/03 00:25:11 <FONT color="#2266CC"><U>User 'system' connected successfully</U></FONT>
09/03 00:25:19 <FONT color="#CC6622"><U>User 'system' disconnected</U></FONT>
09/03 00:25:20 <FONT color="#2266CC"><U>User 'system' connected successfully</U></FONT>
09/03 00:25:25 User 'system' try to start thread 'CableModemThread'
09/03 00:25:26 <FONT color="#0033CC"><B>CableModemThread started</B></FONT>
09/03 00:27:59 <FONT color="#2266CC"><U>User 'system' connected successfully</U></FONT>
09/03 00:28:03 <FONT color="#CC6622"><U>User 'system' disconnected</U></FONT>
09/03 00:28:04 <FONT color="#2266CC"><U>User 'system' connected successfully</U></FONT>
09/03 00:28:11 User 'system' try to start thread 'CableModemThread'
09/03 00:28:11 <FONT color="#0033CC"><B>CableModemThread started</B></FONT>
09/03 00:36:45 User 'system' try to destroy thread 'CableModemThread'
09/03 00:46:07 <FONT color="#2266CC"><U>User 'system' connected successfully</U></FONT>
09/03 00:46:10 <FONT color="#CC6622"><U>User 'system' disconnected</U></FONT>
09/03 00:46:11 <FONT color="#2266CC"><U>User 'system' connected successfully</U></FONT>
09/03 00:46:16 User 'system' try to start thread 'CableModemThread'
09/03 00:46:16 <FONT color="#0033CC"><B>CableModemThread started</B></FONT>
09/03 00:52:50 <FONT color="#2266CC"><U>User 'system' connected successfully</U></FONT>
09/03 00:52:53 <FONT color="#CC6622"><U>User 'system' disconnected</U></FONT>
09/03 00:52:54 <FONT color="#2266CC"><U>User 'system' connected successfully</U></FONT>
09/03 00:53:02 User 'system' try to start thread 'CableModemThread'
09/03 00:53:02 <FONT color="#0033CC"><B>CableModemThread started</B></FONT>
09/03 01:05:56 <FONT color="#2266CC"><U>User 'system' connected successfully</U></FONT>
09/03 01:05:58 <FONT color="#CC6622"><U>User 'system' disconnected</U></FONT>
09/03 01:06:00 <FONT color="#2266CC"><U>User 'system' connected successfully</U></FONT>
09/03 01:06:08 User 'system' try to start thread 'CableModemThread'
09/03 01:06:08 <FONT color="#0033CC"><B>CableModemThread started</B></FONT>
09/03 01:10:00 <FONT color="#2266CC"><U>User 'system' connected successfully</U></FONT>
09/03 01:10:05 <FONT color="#CC6622"><U>User 'system' disconnected</U></FONT>
09/03 01:10:06 <FONT color="#2266CC"><U>User 'system' connected successfully</U></FONT>
09/03 01:10:11 User 'system' try to start thread 'CableModemThread'
09/03 01:10:12 <FONT color="#0033CC"><B>CableModemThread started</B></FONT>
09/03 01:12:55 User 'system' try to start thread 'CableModemThread'
09/03 01:12:56 <FONT color="#CC0033"><B>CableModemThread stopped</B></FONT>
09/03 01:12:58 <FONT color="#0033CC"><B>CableModemThread started</B></FONT>
09/03 01:15:15 User 'system' try to start thread 'CableModemThread'
09/03 01:15:16 <FONT color="#CC0033"><B>CableModemThread stopped</B></FONT>
09/03 01:15:18 <FONT color="#0033CC"><B>CableModemThread started</B></FONT>
09/03 01:18:32 User 'system' try to start thread 'CableModemThread'
09/03 01:18:33 <FONT color="#CC0033"><B>CableModemThread stopped</B></FONT>
09/03 01:18:35 <FONT color="#0033CC"><B>CableModemThread started</B></FONT>
09/03 11:02:33 <FONT color="#2266CC"><U>User 'system' connected successfully</U></FONT>
09/03 11:02:39 User 'system' try to start thread 'CableModemThread'
09/03 11:02:39 <FONT color="#0033CC"><B>CableModemThread started</B></FONT>
09/03 11:07:09 User 'system' try to start thread 'CableModemThread'
09/03 11:07:10 <FONT color="#CC0033"><B>CableModemThread stopped</B></FONT>
09/03 11:07:11 <FONT color="#0033CC"><B>CableModemThread started</B></FONT>
09/03 11:12:28 <FONT color="#2266CC"><U>User 'system' connected successfully</U></FONT>
09/03 11:12:31 <FONT color="#CC6622"><U>User 'system' disconnected</U></FONT>
09/03 11:12:32 <FONT color="#2266CC"><U>User 'system' connected successfully</U></FONT>
09/03 11:12:37 User 'system' try to start thread 'CableModemThread'
09/03 11:12:38 <FONT color="#0033CC"><B>CableModemThread started</B></FONT>
09/03 11:14:07 <FONT color="#2266CC"><U>User 'system' connected successfully</U></FONT>
09/03 11:14:10 <FONT color="#CC6622"><U>User 'system' disconnected</U></FONT>
09/03 11:14:11 <FONT color="#2266CC"><U>User 'system' connected successfully</U></FONT>
09/03 11:14:16 User 'system' try to start thread 'CableModemThread'
09/03 11:14:17 <FONT color="#0033CC"><B>CableModemThread started</B></FONT>
09/03 11:16:25 <FONT color="#2266CC"><U>User 'system' connected successfully</U></FONT>
09/03 11:16:28 <FONT color="#CC6622"><U>User 'system' disconnected</U></FONT>
09/03 11:16:29 <FONT color="#2266CC"><U>User 'system' connected successfully</U></FONT>
09/03 11:16:34 User 'system' try to start thread 'CableModemThread'
09/03 11:16:34 <FONT color="#0033CC"><B>CableModemThread started</B></FONT>
09/03 11:19:19 User 'system' try to start thread 'CableModemThread'
09/03 11:19:20 <FONT color="#CC0033"><B>CableModemThread stopped</B></FONT>
09/03 11:19:21 <FONT color="#0033CC"><B>CableModemThread started</B></FONT>
09/03 11:25:45 User 'system' try to start thread 'CableModemThread'
09/03 11:25:45 <FONT color="#CC0033"><B>CableModemThread stopped</B></FONT>
09/03 11:25:47 <FONT color="#0033CC"><B>CableModemThread started</B></FONT>
09/03 14:30:14 <FONT color="#2266CC"><U>User 'system' connected successfully</U></FONT>
09/03 14:30:21 User 'system' try to start thread 'CableModemThread'
09/03 14:30:21 <FONT color="#0033CC"><B>CableModemThread started</B></FONT>
09/03 14:32:51 User 'system' try to start thread 'CableModemThread'
09/03 14:32:52 <FONT color="#CC0033"><B>CableModemThread stopped</B></FONT>
09/03 14:32:54 <FONT color="#0033CC"><B>CableModemThread started</B></FONT>
09/03 14:37:47 User 'system' try to start thread 'CableModemThread'
09/03 14:37:47 <FONT color="#CC0033"><B>CableModemThread stopped</B></FONT>
09/03 14:37:49 <FONT color="#0033CC"><B>CableModemThread started</B></FONT>
09/03 14:42:00 User 'system' try to start thread 'CableModemThread'
09/03 14:42:00 <FONT color="#CC0033"><B>CableModemThread stopped</B></FONT>
09/03 14:42:02 <FONT color="#0033CC"><B>CableModemThread started</B></FONT>
09/03 14:42:25 User 'system' try to start thread 'UpstreamChannelThread'
09/03 14:42:25 <FONT color="#0033CC"><B>UpstreamChannelThread started</B></FONT>
09/03 14:54:35 <FONT color="#2266CC"><U>User 'system' connected successfully</U></FONT>
09/03 14:54:39 <FONT color="#CC6622"><U>User 'system' disconnected</U></FONT>
09/03 14:54:40 <FONT color="#2266CC"><U>User 'system' connected successfully</U></FONT>
09/03 14:54:49 User 'system' try to start thread 'CableModemThread'
09/03 14:54:49 <FONT color="#0033CC"><B>CableModemThread started</B></FONT>
09/03 14:58:02 <FONT color="#2266CC"><U>User 'system' connected successfully</U></FONT>
09/03 14:58:05 <FONT color="#CC6622"><U>User 'system' disconnected</U></FONT>
09/03 14:58:06 <FONT color="#2266CC"><U>User 'system' connected successfully</U></FONT>
09/03 14:58:11 User 'system' try to start thread 'CableModemThread'
09/03 14:58:11 <FONT color="#0033CC"><B>CableModemThread started</B></FONT>
09/03 15:15:28 <FONT color="#2266CC"><U>User 'system' connected successfully</U></FONT>
09/03 15:15:31 <FONT color="#CC6622"><U>User 'system' disconnected</U></FONT>
09/03 15:15:32 <FONT color="#2266CC"><U>User 'system' connected successfully</U></FONT>
09/03 15:15:38 User 'system' try to start thread 'CableModemThread'
09/03 15:15:39 <FONT color="#0033CC"><B>CableModemThread started</B></FONT>
09/03 15:15:42 User 'system' try to start thread 'UpstreamChannelThread'
09/03 15:15:43 <FONT color="#0033CC"><B>UpstreamChannelThread started</B></FONT>
09/03 15:18:54 User 'system' try to start thread 'CableModemThread'
09/03 15:18:55 <FONT color="#CC0033"><B>CableModemThread stopped</B></FONT>
09/03 15:18:57 <FONT color="#0033CC"><B>CableModemThread started</B></FONT>
09/03 15:24:12 User 'system' try to start thread 'CableModemThread'
09/03 15:24:12 <FONT color="#CC0033"><B>CableModemThread stopped</B></FONT>
09/03 15:24:14 <FONT color="#0033CC"><B>CableModemThread started</B></FONT>
10/03 17:03:30 <FONT color="#2266CC"><U>User 'system' connected successfully</U></FONT>
10/03 17:03:37 User 'system' try to start thread 'UpstreamChannelThread'
10/03 17:03:37 <FONT color="#0033CC"><B>UpstreamChannelThread started</B></FONT>
10/03 17:03:41 User 'system' try to start thread 'CableModemThread'
10/03 17:03:41 <FONT color="#0033CC"><B>CableModemThread started</B></FONT>
10/03 17:08:59 <FONT color="#2266CC"><U>User 'system' connected successfully</U></FONT>
10/03 17:09:03 <FONT color="#CC6622"><U>User 'system' disconnected</U></FONT>
10/03 17:09:04 <FONT color="#2266CC"><U>User 'system' connected successfully</U></FONT>
10/03 17:09:11 User 'system' try to start thread 'CableModemThread'
10/03 17:09:12 <FONT color="#0033CC"><B>CableModemThread started</B></FONT>
10/03 17:15:34 <FONT color="#2266CC"><U>User 'system' connected successfully</U></FONT>
10/03 17:15:38 <FONT color="#CC6622"><U>User 'system' disconnected</U></FONT>
10/03 17:15:39 <FONT color="#2266CC"><U>User 'system' connected successfully</U></FONT>
10/03 17:15:46 User 'system' try to start thread 'CableModemThread'
10/03 17:15:46 <FONT color="#0033CC"><B>CableModemThread started</B></FONT>
10/03 17:19:57 <FONT color="#2266CC"><U>User 'system' connected successfully</U></FONT>
10/03 17:20:00 <FONT color="#CC6622"><U>User 'system' disconnected</U></FONT>
10/03 17:20:01 <FONT color="#2266CC"><U>User 'system' connected successfully</U></FONT>
10/03 17:20:07 User 'system' try to start thread 'CableModemThread'
10/03 17:20:08 <FONT color="#0033CC"><B>CableModemThread started</B></FONT>
10/03 17:20:13 User 'system' try to start thread 'UpstreamChannelThread'
10/03 17:20:14 <FONT color="#0033CC"><B>UpstreamChannelThread started</B></FONT>
10/03 17:27:27 User 'system' try to start thread 'CableModemThread'
10/03 17:27:28 <FONT color="#CC0033"><B>CableModemThread stopped</B></FONT>
10/03 17:27:30 <FONT color="#0033CC"><B>CableModemThread started</B></FONT>
10/03 17:39:39 User 'system' try to start thread 'UpstreamChannelThread'
10/03 17:39:39 <FONT color="#CC0033"><B>UpstreamChannelThread stopped</B></FONT>
10/03 17:39:41 <FONT color="#0033CC"><B>UpstreamChannelThread started</B></FONT>
