05/05 14:37:55 java.io.FileNotFoundException: system.pwd (No such file or directory)
05/05 14:37:55 	at java.io.FileInputStream.open0(Native Method)
05/05 14:37:55 	at java.io.FileInputStream.open(FileInputStream.java:195)
05/05 14:37:55 	at java.io.FileInputStream.<init>(FileInputStream.java:138)
05/05 14:37:55 	at java.io.FileInputStream.<init>(FileInputStream.java:93)
05/05 14:37:55 	at com.fss.thread.ThreadProcessor.getSystemPassword(ThreadProcessor.java:292)
05/05 14:37:55 	at com.fss.thread.ThreadProcessor.login(ThreadProcessor.java:192)
05/05 14:37:55 	at com.fss.thread.ThreadServer.run(ThreadServer.java:73)
05/05 14:37:55 	at java.lang.Thread.run(Thread.java:745)
2
05/05 14:37:59 com.fss.thread.ThreadController@3e275788
05/05 14:38:00 log4j:WARN No appenders could be found for logger (com.mchange.v2.log.MLog).
05/05 14:38:00 log4j:WARN Please initialize the log4j system properly.
05/05 14:38:30 java.sql.SQLException: Connections could not be acquired from the underlying database!
05/05 14:38:30 	at com.mchange.v2.sql.SqlUtils.toSQLException(SqlUtils.java:118)
05/05 14:38:30 	at com.mchange.v2.c3p0.impl.C3P0PooledConnectionPool.checkoutPooledConnection(C3P0PooledConnectionPool.java:690)
05/05 14:38:30 	at com.mchange.v2.c3p0.impl.AbstractPoolBackedDataSource.getConnection(AbstractPoolBackedDataSource.java:140)
05/05 14:38:30 	at com.crm.kernel.sql.Database.getConnection(Database.java:33)
05/05 14:38:30 	at com.crm.thread.ServiceManager.getConnection(ServiceManager.java:217)
05/05 14:38:30 	at com.fss.thread.ThreadManager.getConnection(ThreadManager.java:972)
05/05 14:38:30 	at com.fss.thread.ManageableThread.openConnection(ManageableThread.java:239)
05/05 14:38:30 	at com.fss.thread.ManageableThread.beforeSession(ManageableThread.java:2011)
05/05 14:38:30 	at com.cmc.monitor.thread.AbstractCmtsThread.beforeSession(AbstractCmtsThread.java:58)
05/05 14:38:30 	at com.fss.thread.ManageableThread.session(ManageableThread.java:1388)
05/05 14:38:30 	at com.fss.thread.ManageableThread.run(ManageableThread.java:1337)
05/05 14:38:30 	at java.lang.Thread.run(Thread.java:745)
05/05 14:38:30 Caused by: com.mchange.v2.resourcepool.CannotAcquireResourceException: A ResourcePool could not acquire a resource from its primary factory or source.
05/05 14:38:30 	at com.mchange.v2.resourcepool.BasicResourcePool.awaitAvailable(BasicResourcePool.java:1463)
05/05 14:38:30 	at com.mchange.v2.resourcepool.BasicResourcePool.prelimCheckoutResource(BasicResourcePool.java:639)
05/05 14:38:30 	at com.mchange.v2.resourcepool.BasicResourcePool.checkoutResource(BasicResourcePool.java:549)
05/05 14:38:30 	at com.mchange.v2.c3p0.impl.C3P0PooledConnectionPool.checkoutAndMarkConnectionInUse(C3P0PooledConnectionPool.java:756)
05/05 14:38:30 	at com.mchange.v2.c3p0.impl.C3P0PooledConnectionPool.checkoutPooledConnection(C3P0PooledConnectionPool.java:683)
05/05 14:38:30 	... 10 more
05/05 14:39:02 java.net.SocketException: Connection reset
05/05 14:39:02 	at java.net.SocketInputStream.read(SocketInputStream.java:209)
05/05 14:39:02 	at java.net.SocketInputStream.read(SocketInputStream.java:141)
05/05 14:39:02 	at com.fss.util.StreamUtil.getFixedSizeBuffer(StreamUtil.java:423)
05/05 14:39:02 	at com.fss.ddtp.DDTP.load(DDTP.java:81)
05/05 14:39:02 	at com.fss.ddtp.DDTP.<init>(DDTP.java:63)
05/05 14:39:02 	at com.fss.ddtp.SocketTransmitter.run(SocketTransmitter.java:82)
05/05 14:39:02 	at java.lang.Thread.run(Thread.java:745)
05/05 14:39:03 java.io.FileNotFoundException: system.pwd (No such file or directory)
05/05 14:39:03 	at java.io.FileInputStream.open0(Native Method)
05/05 14:39:03 	at java.io.FileInputStream.open(FileInputStream.java:195)
05/05 14:39:03 	at java.io.FileInputStream.<init>(FileInputStream.java:138)
05/05 14:39:03 	at java.io.FileInputStream.<init>(FileInputStream.java:93)
05/05 14:39:03 	at com.fss.thread.ThreadProcessor.getSystemPassword(ThreadProcessor.java:292)
05/05 14:39:03 	at com.fss.thread.ThreadProcessor.login(ThreadProcessor.java:192)
05/05 14:39:03 	at com.fss.thread.ThreadServer.run(ThreadServer.java:73)
05/05 14:39:03 	at java.lang.Thread.run(Thread.java:745)
05/05 14:39:06 java.net.SocketException: Connection reset
05/05 14:39:06 	at java.net.SocketInputStream.read(SocketInputStream.java:209)
05/05 14:39:06 	at java.net.SocketInputStream.read(SocketInputStream.java:141)
05/05 14:39:06 	at com.fss.util.StreamUtil.getFixedSizeBuffer(StreamUtil.java:423)
05/05 14:39:06 	at com.fss.ddtp.DDTP.load(DDTP.java:81)
05/05 14:39:06 	at com.fss.ddtp.DDTP.<init>(DDTP.java:63)
05/05 14:39:06 	at com.fss.ddtp.SocketTransmitter.run(SocketTransmitter.java:82)
05/05 14:39:06 	at java.lang.Thread.run(Thread.java:745)
05/05 14:40:00 java.sql.SQLException: Connections could not be acquired from the underlying database!
05/05 14:40:00 	at com.mchange.v2.sql.SqlUtils.toSQLException(SqlUtils.java:118)
05/05 14:40:00 	at com.mchange.v2.c3p0.impl.C3P0PooledConnectionPool.checkoutPooledConnection(C3P0PooledConnectionPool.java:690)
05/05 14:40:00 	at com.mchange.v2.c3p0.impl.AbstractPoolBackedDataSource.getConnection(AbstractPoolBackedDataSource.java:140)
05/05 14:40:00 	at com.crm.kernel.sql.Database.getConnection(Database.java:33)
05/05 14:40:00 	at com.crm.thread.ServiceManager.getConnection(ServiceManager.java:217)
05/05 14:40:00 	at com.fss.thread.ThreadManager.getConnection(ThreadManager.java:972)
05/05 14:40:00 	at com.fss.thread.ManageableThread.openConnection(ManageableThread.java:239)
05/05 14:40:00 	at com.fss.thread.ManageableThread.beforeSession(ManageableThread.java:2011)
05/05 14:40:00 	at com.cmc.monitor.thread.AbstractCmtsThread.beforeSession(AbstractCmtsThread.java:58)
05/05 14:40:00 	at com.fss.thread.ManageableThread.session(ManageableThread.java:1388)
05/05 14:40:00 	at com.fss.thread.ManageableThread.run(ManageableThread.java:1337)
05/05 14:40:00 	at java.lang.Thread.run(Thread.java:745)
05/05 14:40:00 Caused by: com.mchange.v2.resourcepool.CannotAcquireResourceException: A ResourcePool could not acquire a resource from its primary factory or source.
05/05 14:40:00 	at com.mchange.v2.resourcepool.BasicResourcePool.awaitAvailable(BasicResourcePool.java:1463)
05/05 14:40:00 	at com.mchange.v2.resourcepool.BasicResourcePool.prelimCheckoutResource(BasicResourcePool.java:639)
05/05 14:40:00 	at com.mchange.v2.resourcepool.BasicResourcePool.checkoutResource(BasicResourcePool.java:549)
05/05 14:40:00 	at com.mchange.v2.c3p0.impl.C3P0PooledConnectionPool.checkoutAndMarkConnectionInUse(C3P0PooledConnectionPool.java:756)
05/05 14:40:00 	at com.mchange.v2.c3p0.impl.C3P0PooledConnectionPool.checkoutPooledConnection(C3P0PooledConnectionPool.java:683)
05/05 14:40:00 	... 10 more
05/05 14:41:30 java.sql.SQLException: Connections could not be acquired from the underlying database!
05/05 14:41:30 	at com.mchange.v2.sql.SqlUtils.toSQLException(SqlUtils.java:118)
05/05 14:41:30 	at com.mchange.v2.c3p0.impl.C3P0PooledConnectionPool.checkoutPooledConnection(C3P0PooledConnectionPool.java:690)
05/05 14:41:30 	at com.mchange.v2.c3p0.impl.AbstractPoolBackedDataSource.getConnection(AbstractPoolBackedDataSource.java:140)
05/05 14:41:30 	at com.crm.kernel.sql.Database.getConnection(Database.java:33)
05/05 14:41:30 	at com.crm.thread.ServiceManager.getConnection(ServiceManager.java:217)
05/05 14:41:30 	at com.fss.thread.ThreadManager.getConnection(ThreadManager.java:972)
05/05 14:41:30 	at com.fss.thread.ManageableThread.openConnection(ManageableThread.java:239)
05/05 14:41:30 	at com.fss.thread.ManageableThread.beforeSession(ManageableThread.java:2011)
05/05 14:41:30 	at com.cmc.monitor.thread.AbstractCmtsThread.beforeSession(AbstractCmtsThread.java:58)
05/05 14:41:30 	at com.fss.thread.ManageableThread.session(ManageableThread.java:1388)
05/05 14:41:30 	at com.fss.thread.ManageableThread.run(ManageableThread.java:1337)
05/05 14:41:30 	at java.lang.Thread.run(Thread.java:745)
05/05 14:41:30 Caused by: com.mchange.v2.resourcepool.CannotAcquireResourceException: A ResourcePool could not acquire a resource from its primary factory or source.
05/05 14:41:30 	at com.mchange.v2.resourcepool.BasicResourcePool.awaitAvailable(BasicResourcePool.java:1463)
05/05 14:41:30 	at com.mchange.v2.resourcepool.BasicResourcePool.prelimCheckoutResource(BasicResourcePool.java:639)
05/05 14:41:30 	at com.mchange.v2.resourcepool.BasicResourcePool.checkoutResource(BasicResourcePool.java:549)
05/05 14:41:30 	at com.mchange.v2.c3p0.impl.C3P0PooledConnectionPool.checkoutAndMarkConnectionInUse(C3P0PooledConnectionPool.java:756)
05/05 14:41:30 	at com.mchange.v2.c3p0.impl.C3P0PooledConnectionPool.checkoutPooledConnection(C3P0PooledConnectionPool.java:683)
05/05 14:41:30 	... 10 more
05/05 14:43:00 java.sql.SQLException: Connections could not be acquired from the underlying database!
05/05 14:43:00 	at com.mchange.v2.sql.SqlUtils.toSQLException(SqlUtils.java:118)
05/05 14:43:00 	at com.mchange.v2.c3p0.impl.C3P0PooledConnectionPool.checkoutPooledConnection(C3P0PooledConnectionPool.java:690)
05/05 14:43:00 	at com.mchange.v2.c3p0.impl.AbstractPoolBackedDataSource.getConnection(AbstractPoolBackedDataSource.java:140)
05/05 14:43:00 	at com.crm.kernel.sql.Database.getConnection(Database.java:33)
05/05 14:43:00 	at com.crm.thread.ServiceManager.getConnection(ServiceManager.java:217)
05/05 14:43:00 	at com.fss.thread.ThreadManager.getConnection(ThreadManager.java:972)
05/05 14:43:00 	at com.fss.thread.ManageableThread.openConnection(ManageableThread.java:239)
05/05 14:43:00 	at com.fss.thread.ManageableThread.beforeSession(ManageableThread.java:2011)
05/05 14:43:00 	at com.cmc.monitor.thread.AbstractCmtsThread.beforeSession(AbstractCmtsThread.java:58)
05/05 14:43:00 	at com.fss.thread.ManageableThread.session(ManageableThread.java:1388)
05/05 14:43:00 	at com.fss.thread.ManageableThread.run(ManageableThread.java:1337)
05/05 14:43:00 	at java.lang.Thread.run(Thread.java:745)
05/05 14:43:00 Caused by: com.mchange.v2.resourcepool.CannotAcquireResourceException: A ResourcePool could not acquire a resource from its primary factory or source.
05/05 14:43:00 	at com.mchange.v2.resourcepool.BasicResourcePool.awaitAvailable(BasicResourcePool.java:1463)
05/05 14:43:00 	at com.mchange.v2.resourcepool.BasicResourcePool.prelimCheckoutResource(BasicResourcePool.java:639)
05/05 14:43:00 	at com.mchange.v2.resourcepool.BasicResourcePool.checkoutResource(BasicResourcePool.java:549)
05/05 14:43:00 	at com.mchange.v2.c3p0.impl.C3P0PooledConnectionPool.checkoutAndMarkConnectionInUse(C3P0PooledConnectionPool.java:756)
05/05 14:43:00 	at com.mchange.v2.c3p0.impl.C3P0PooledConnectionPool.checkoutPooledConnection(C3P0PooledConnectionPool.java:683)
05/05 14:43:00 	... 10 more
05/05 14:44:30 java.sql.SQLException: Connections could not be acquired from the underlying database!
05/05 14:44:30 	at com.mchange.v2.sql.SqlUtils.toSQLException(SqlUtils.java:118)
05/05 14:44:30 	at com.mchange.v2.c3p0.impl.C3P0PooledConnectionPool.checkoutPooledConnection(C3P0PooledConnectionPool.java:690)
05/05 14:44:30 	at com.mchange.v2.c3p0.impl.AbstractPoolBackedDataSource.getConnection(AbstractPoolBackedDataSource.java:140)
05/05 14:44:30 	at com.crm.kernel.sql.Database.getConnection(Database.java:33)
05/05 14:44:30 	at com.crm.thread.ServiceManager.getConnection(ServiceManager.java:217)
05/05 14:44:30 	at com.fss.thread.ThreadManager.getConnection(ThreadManager.java:972)
05/05 14:44:30 	at com.fss.thread.ManageableThread.openConnection(ManageableThread.java:239)
05/05 14:44:30 	at com.fss.thread.ManageableThread.beforeSession(ManageableThread.java:2011)
05/05 14:44:30 	at com.cmc.monitor.thread.AbstractCmtsThread.beforeSession(AbstractCmtsThread.java:58)
05/05 14:44:30 	at com.fss.thread.ManageableThread.session(ManageableThread.java:1388)
05/05 14:44:30 	at com.fss.thread.ManageableThread.run(ManageableThread.java:1337)
05/05 14:44:30 	at java.lang.Thread.run(Thread.java:745)
05/05 14:44:30 Caused by: com.mchange.v2.resourcepool.CannotAcquireResourceException: A ResourcePool could not acquire a resource from its primary factory or source.
05/05 14:44:30 	at com.mchange.v2.resourcepool.BasicResourcePool.awaitAvailable(BasicResourcePool.java:1463)
05/05 14:44:30 	at com.mchange.v2.resourcepool.BasicResourcePool.prelimCheckoutResource(BasicResourcePool.java:639)
05/05 14:44:30 	at com.mchange.v2.resourcepool.BasicResourcePool.checkoutResource(BasicResourcePool.java:549)
05/05 14:44:30 	at com.mchange.v2.c3p0.impl.C3P0PooledConnectionPool.checkoutAndMarkConnectionInUse(C3P0PooledConnectionPool.java:756)
05/05 14:44:30 	at com.mchange.v2.c3p0.impl.C3P0PooledConnectionPool.checkoutPooledConnection(C3P0PooledConnectionPool.java:683)
05/05 14:44:30 	... 10 more
05/05 14:46:00 java.sql.SQLException: Connections could not be acquired from the underlying database!
05/05 14:46:00 	at com.mchange.v2.sql.SqlUtils.toSQLException(SqlUtils.java:118)
05/05 14:46:00 	at com.mchange.v2.c3p0.impl.C3P0PooledConnectionPool.checkoutPooledConnection(C3P0PooledConnectionPool.java:690)
05/05 14:46:00 	at com.mchange.v2.c3p0.impl.AbstractPoolBackedDataSource.getConnection(AbstractPoolBackedDataSource.java:140)
05/05 14:46:00 	at com.crm.kernel.sql.Database.getConnection(Database.java:33)
05/05 14:46:00 	at com.crm.thread.ServiceManager.getConnection(ServiceManager.java:217)
05/05 14:46:00 	at com.fss.thread.ThreadManager.getConnection(ThreadManager.java:972)
05/05 14:46:00 	at com.fss.thread.ManageableThread.openConnection(ManageableThread.java:239)
05/05 14:46:00 	at com.fss.thread.ManageableThread.beforeSession(ManageableThread.java:2011)
05/05 14:46:00 	at com.cmc.monitor.thread.AbstractCmtsThread.beforeSession(AbstractCmtsThread.java:58)
05/05 14:46:00 	at com.fss.thread.ManageableThread.session(ManageableThread.java:1388)
05/05 14:46:00 	at com.fss.thread.ManageableThread.run(ManageableThread.java:1337)
05/05 14:46:00 	at java.lang.Thread.run(Thread.java:745)
05/05 14:46:00 Caused by: com.mchange.v2.resourcepool.CannotAcquireResourceException: A ResourcePool could not acquire a resource from its primary factory or source.
05/05 14:46:00 	at com.mchange.v2.resourcepool.BasicResourcePool.awaitAvailable(BasicResourcePool.java:1463)
05/05 14:46:00 	at com.mchange.v2.resourcepool.BasicResourcePool.prelimCheckoutResource(BasicResourcePool.java:639)
05/05 14:46:00 	at com.mchange.v2.resourcepool.BasicResourcePool.checkoutResource(BasicResourcePool.java:549)
05/05 14:46:00 	at com.mchange.v2.c3p0.impl.C3P0PooledConnectionPool.checkoutAndMarkConnectionInUse(C3P0PooledConnectionPool.java:756)
05/05 14:46:00 	at com.mchange.v2.c3p0.impl.C3P0PooledConnectionPool.checkoutPooledConnection(C3P0PooledConnectionPool.java:683)
05/05 14:46:00 	... 10 more
05/05 14:47:30 java.sql.SQLException: Connections could not be acquired from the underlying database!
05/05 14:47:30 	at com.mchange.v2.sql.SqlUtils.toSQLException(SqlUtils.java:118)
05/05 14:47:30 	at com.mchange.v2.c3p0.impl.C3P0PooledConnectionPool.checkoutPooledConnection(C3P0PooledConnectionPool.java:690)
05/05 14:47:30 	at com.mchange.v2.c3p0.impl.AbstractPoolBackedDataSource.getConnection(AbstractPoolBackedDataSource.java:140)
05/05 14:47:30 	at com.crm.kernel.sql.Database.getConnection(Database.java:33)
05/05 14:47:30 	at com.crm.thread.ServiceManager.getConnection(ServiceManager.java:217)
05/05 14:47:30 	at com.fss.thread.ThreadManager.getConnection(ThreadManager.java:972)
05/05 14:47:30 	at com.fss.thread.ManageableThread.openConnection(ManageableThread.java:239)
05/05 14:47:30 	at com.fss.thread.ManageableThread.beforeSession(ManageableThread.java:2011)
05/05 14:47:30 	at com.cmc.monitor.thread.AbstractCmtsThread.beforeSession(AbstractCmtsThread.java:58)
05/05 14:47:30 	at com.fss.thread.ManageableThread.session(ManageableThread.java:1388)
05/05 14:47:30 	at com.fss.thread.ManageableThread.run(ManageableThread.java:1337)
05/05 14:47:30 	at java.lang.Thread.run(Thread.java:745)
05/05 14:47:30 Caused by: com.mchange.v2.resourcepool.CannotAcquireResourceException: A ResourcePool could not acquire a resource from its primary factory or source.
05/05 14:47:30 	at com.mchange.v2.resourcepool.BasicResourcePool.awaitAvailable(BasicResourcePool.java:1463)
05/05 14:47:30 	at com.mchange.v2.resourcepool.BasicResourcePool.prelimCheckoutResource(BasicResourcePool.java:639)
05/05 14:47:30 	at com.mchange.v2.resourcepool.BasicResourcePool.checkoutResource(BasicResourcePool.java:549)
05/05 14:47:30 	at com.mchange.v2.c3p0.impl.C3P0PooledConnectionPool.checkoutAndMarkConnectionInUse(C3P0PooledConnectionPool.java:756)
05/05 14:47:30 	at com.mchange.v2.c3p0.impl.C3P0PooledConnectionPool.checkoutPooledConnection(C3P0PooledConnectionPool.java:683)
05/05 14:47:30 	... 10 more
05/05 14:49:00 java.sql.SQLException: Connections could not be acquired from the underlying database!
05/05 14:49:00 	at com.mchange.v2.sql.SqlUtils.toSQLException(SqlUtils.java:118)
05/05 14:49:00 	at com.mchange.v2.c3p0.impl.C3P0PooledConnectionPool.checkoutPooledConnection(C3P0PooledConnectionPool.java:690)
05/05 14:49:00 	at com.mchange.v2.c3p0.impl.AbstractPoolBackedDataSource.getConnection(AbstractPoolBackedDataSource.java:140)
05/05 14:49:00 	at com.crm.kernel.sql.Database.getConnection(Database.java:33)
05/05 14:49:00 	at com.crm.thread.ServiceManager.getConnection(ServiceManager.java:217)
05/05 14:49:00 	at com.fss.thread.ThreadManager.getConnection(ThreadManager.java:972)
05/05 14:49:00 	at com.fss.thread.ManageableThread.openConnection(ManageableThread.java:239)
05/05 14:49:00 	at com.fss.thread.ManageableThread.beforeSession(ManageableThread.java:2011)
05/05 14:49:00 	at com.cmc.monitor.thread.AbstractCmtsThread.beforeSession(AbstractCmtsThread.java:58)
05/05 14:49:00 	at com.fss.thread.ManageableThread.session(ManageableThread.java:1388)
05/05 14:49:00 	at com.fss.thread.ManageableThread.run(ManageableThread.java:1337)
05/05 14:49:00 	at java.lang.Thread.run(Thread.java:745)
05/05 14:49:00 Caused by: com.mchange.v2.resourcepool.CannotAcquireResourceException: A ResourcePool could not acquire a resource from its primary factory or source.
05/05 14:49:00 	at com.mchange.v2.resourcepool.BasicResourcePool.awaitAvailable(BasicResourcePool.java:1463)
05/05 14:49:00 	at com.mchange.v2.resourcepool.BasicResourcePool.prelimCheckoutResource(BasicResourcePool.java:639)
05/05 14:49:00 	at com.mchange.v2.resourcepool.BasicResourcePool.checkoutResource(BasicResourcePool.java:549)
05/05 14:49:00 	at com.mchange.v2.c3p0.impl.C3P0PooledConnectionPool.checkoutAndMarkConnectionInUse(C3P0PooledConnectionPool.java:756)
05/05 14:49:00 	at com.mchange.v2.c3p0.impl.C3P0PooledConnectionPool.checkoutPooledConnection(C3P0PooledConnectionPool.java:683)
05/05 14:49:00 	... 10 more
05/05 14:50:30 java.sql.SQLException: Connections could not be acquired from the underlying database!
05/05 14:50:30 	at com.mchange.v2.sql.SqlUtils.toSQLException(SqlUtils.java:118)
05/05 14:50:30 	at com.mchange.v2.c3p0.impl.C3P0PooledConnectionPool.checkoutPooledConnection(C3P0PooledConnectionPool.java:690)
05/05 14:50:30 	at com.mchange.v2.c3p0.impl.AbstractPoolBackedDataSource.getConnection(AbstractPoolBackedDataSource.java:140)
05/05 14:50:30 	at com.crm.kernel.sql.Database.getConnection(Database.java:33)
05/05 14:50:30 	at com.crm.thread.ServiceManager.getConnection(ServiceManager.java:217)
05/05 14:50:30 	at com.fss.thread.ThreadManager.getConnection(ThreadManager.java:972)
05/05 14:50:30 	at com.fss.thread.ManageableThread.openConnection(ManageableThread.java:239)
05/05 14:50:30 	at com.fss.thread.ManageableThread.beforeSession(ManageableThread.java:2011)
05/05 14:50:30 	at com.cmc.monitor.thread.AbstractCmtsThread.beforeSession(AbstractCmtsThread.java:58)
05/05 14:50:30 	at com.fss.thread.ManageableThread.session(ManageableThread.java:1388)
05/05 14:50:30 	at com.fss.thread.ManageableThread.run(ManageableThread.java:1337)
05/05 14:50:30 	at java.lang.Thread.run(Thread.java:745)
05/05 14:50:30 Caused by: com.mchange.v2.resourcepool.CannotAcquireResourceException: A ResourcePool could not acquire a resource from its primary factory or source.
05/05 14:50:30 	at com.mchange.v2.resourcepool.BasicResourcePool.awaitAvailable(BasicResourcePool.java:1463)
05/05 14:50:30 	at com.mchange.v2.resourcepool.BasicResourcePool.prelimCheckoutResource(BasicResourcePool.java:639)
05/05 14:50:30 	at com.mchange.v2.resourcepool.BasicResourcePool.checkoutResource(BasicResourcePool.java:549)
05/05 14:50:30 	at com.mchange.v2.c3p0.impl.C3P0PooledConnectionPool.checkoutAndMarkConnectionInUse(C3P0PooledConnectionPool.java:756)
05/05 14:50:30 	at com.mchange.v2.c3p0.impl.C3P0PooledConnectionPool.checkoutPooledConnection(C3P0PooledConnectionPool.java:683)
05/05 14:50:30 	... 10 more
05/05 14:52:00 java.sql.SQLException: Connections could not be acquired from the underlying database!
05/05 14:52:00 	at com.mchange.v2.sql.SqlUtils.toSQLException(SqlUtils.java:118)
05/05 14:52:00 	at com.mchange.v2.c3p0.impl.C3P0PooledConnectionPool.checkoutPooledConnection(C3P0PooledConnectionPool.java:690)
05/05 14:52:00 	at com.mchange.v2.c3p0.impl.AbstractPoolBackedDataSource.getConnection(AbstractPoolBackedDataSource.java:140)
05/05 14:52:00 	at com.crm.kernel.sql.Database.getConnection(Database.java:33)
05/05 14:52:00 	at com.crm.thread.ServiceManager.getConnection(ServiceManager.java:217)
05/05 14:52:00 	at com.fss.thread.ThreadManager.getConnection(ThreadManager.java:972)
05/05 14:52:00 	at com.fss.thread.ManageableThread.openConnection(ManageableThread.java:239)
05/05 14:52:00 	at com.fss.thread.ManageableThread.beforeSession(ManageableThread.java:2011)
05/05 14:52:00 	at com.cmc.monitor.thread.AbstractCmtsThread.beforeSession(AbstractCmtsThread.java:58)
05/05 14:52:00 	at com.fss.thread.ManageableThread.session(ManageableThread.java:1388)
05/05 14:52:00 	at com.fss.thread.ManageableThread.run(ManageableThread.java:1337)
05/05 14:52:00 	at java.lang.Thread.run(Thread.java:745)
05/05 14:52:00 Caused by: com.mchange.v2.resourcepool.CannotAcquireResourceException: A ResourcePool could not acquire a resource from its primary factory or source.
05/05 14:52:00 	at com.mchange.v2.resourcepool.BasicResourcePool.awaitAvailable(BasicResourcePool.java:1463)
05/05 14:52:00 	at com.mchange.v2.resourcepool.BasicResourcePool.prelimCheckoutResource(BasicResourcePool.java:639)
05/05 14:52:00 	at com.mchange.v2.resourcepool.BasicResourcePool.checkoutResource(BasicResourcePool.java:549)
05/05 14:52:00 	at com.mchange.v2.c3p0.impl.C3P0PooledConnectionPool.checkoutAndMarkConnectionInUse(C3P0PooledConnectionPool.java:756)
05/05 14:52:00 	at com.mchange.v2.c3p0.impl.C3P0PooledConnectionPool.checkoutPooledConnection(C3P0PooledConnectionPool.java:683)
05/05 14:52:00 	... 10 more
05/05 14:53:30 java.sql.SQLException: Connections could not be acquired from the underlying database!
05/05 14:53:30 	at com.mchange.v2.sql.SqlUtils.toSQLException(SqlUtils.java:118)
05/05 14:53:30 	at com.mchange.v2.c3p0.impl.C3P0PooledConnectionPool.checkoutPooledConnection(C3P0PooledConnectionPool.java:690)
05/05 14:53:30 	at com.mchange.v2.c3p0.impl.AbstractPoolBackedDataSource.getConnection(AbstractPoolBackedDataSource.java:140)
05/05 14:53:30 	at com.crm.kernel.sql.Database.getConnection(Database.java:33)
05/05 14:53:30 	at com.crm.thread.ServiceManager.getConnection(ServiceManager.java:217)
05/05 14:53:30 	at com.fss.thread.ThreadManager.getConnection(ThreadManager.java:972)
05/05 14:53:30 	at com.fss.thread.ManageableThread.openConnection(ManageableThread.java:239)
05/05 14:53:30 	at com.fss.thread.ManageableThread.beforeSession(ManageableThread.java:2011)
05/05 14:53:30 	at com.cmc.monitor.thread.AbstractCmtsThread.beforeSession(AbstractCmtsThread.java:58)
05/05 14:53:30 	at com.fss.thread.ManageableThread.session(ManageableThread.java:1388)
05/05 14:53:30 	at com.fss.thread.ManageableThread.run(ManageableThread.java:1337)
05/05 14:53:30 	at java.lang.Thread.run(Thread.java:745)
05/05 14:53:30 Caused by: com.mchange.v2.resourcepool.CannotAcquireResourceException: A ResourcePool could not acquire a resource from its primary factory or source.
05/05 14:53:30 	at com.mchange.v2.resourcepool.BasicResourcePool.awaitAvailable(BasicResourcePool.java:1463)
05/05 14:53:30 	at com.mchange.v2.resourcepool.BasicResourcePool.prelimCheckoutResource(BasicResourcePool.java:639)
05/05 14:53:30 	at com.mchange.v2.resourcepool.BasicResourcePool.checkoutResource(BasicResourcePool.java:549)
05/05 14:53:30 	at com.mchange.v2.c3p0.impl.C3P0PooledConnectionPool.checkoutAndMarkConnectionInUse(C3P0PooledConnectionPool.java:756)
05/05 14:53:30 	at com.mchange.v2.c3p0.impl.C3P0PooledConnectionPool.checkoutPooledConnection(C3P0PooledConnectionPool.java:683)
05/05 14:53:30 	... 10 more
05/05 14:55:00 java.sql.SQLException: Connections could not be acquired from the underlying database!
05/05 14:55:00 	at com.mchange.v2.sql.SqlUtils.toSQLException(SqlUtils.java:118)
05/05 14:55:00 	at com.mchange.v2.c3p0.impl.C3P0PooledConnectionPool.checkoutPooledConnection(C3P0PooledConnectionPool.java:690)
05/05 14:55:00 	at com.mchange.v2.c3p0.impl.AbstractPoolBackedDataSource.getConnection(AbstractPoolBackedDataSource.java:140)
05/05 14:55:00 	at com.crm.kernel.sql.Database.getConnection(Database.java:33)
05/05 14:55:00 	at com.crm.thread.ServiceManager.getConnection(ServiceManager.java:217)
05/05 14:55:00 	at com.fss.thread.ThreadManager.getConnection(ThreadManager.java:972)
05/05 14:55:00 	at com.fss.thread.ManageableThread.openConnection(ManageableThread.java:239)
05/05 14:55:00 	at com.fss.thread.ManageableThread.beforeSession(ManageableThread.java:2011)
05/05 14:55:00 	at com.cmc.monitor.thread.AbstractCmtsThread.beforeSession(AbstractCmtsThread.java:58)
05/05 14:55:00 	at com.fss.thread.ManageableThread.session(ManageableThread.java:1388)
05/05 14:55:00 	at com.fss.thread.ManageableThread.run(ManageableThread.java:1337)
05/05 14:55:00 	at java.lang.Thread.run(Thread.java:745)
05/05 14:55:00 Caused by: com.mchange.v2.resourcepool.CannotAcquireResourceException: A ResourcePool could not acquire a resource from its primary factory or source.
05/05 14:55:00 	at com.mchange.v2.resourcepool.BasicResourcePool.awaitAvailable(BasicResourcePool.java:1463)
05/05 14:55:00 	at com.mchange.v2.resourcepool.BasicResourcePool.prelimCheckoutResource(BasicResourcePool.java:639)
05/05 14:55:00 	at com.mchange.v2.resourcepool.BasicResourcePool.checkoutResource(BasicResourcePool.java:549)
05/05 14:55:00 	at com.mchange.v2.c3p0.impl.C3P0PooledConnectionPool.checkoutAndMarkConnectionInUse(C3P0PooledConnectionPool.java:756)
05/05 14:55:00 	at com.mchange.v2.c3p0.impl.C3P0PooledConnectionPool.checkoutPooledConnection(C3P0PooledConnectionPool.java:683)
05/05 14:55:00 	... 10 more
