2015-03-10 18:02:55,392 ERROR [DefaultUDPTransportMapping_0.0.0.0/0] CableModemThread - Error when trying insert CableModemHistories for cmts 'uBR-72-TN'.
java.sql.BatchUpdateException: Duplicate entry '00:0e:b7:00:06:81-2015-03-10 18:02:50' for key 'PRIMARY'
	at com.mysql.jdbc.PreparedStatement.executeBatchSerially(PreparedStatement.java:1815)
	at com.mysql.jdbc.PreparedStatement.executeBatch(PreparedStatement.java:1277)
	at com.mchange.v2.c3p0.impl.NewProxyPreparedStatement.executeBatch(NewProxyPreparedStatement.java:2465)
	at com.cmc.monitor.thread.CableModemThread.insertCableModemHistoryToDB(CableModemThread.java:345)
	at com.cmc.monitor.thread.CableModemThread.upsertCableModemToDb(CableModemThread.java:247)
	at com.cmc.monitor.thread.CableModemThread.updateCableModem(CableModemThread.java:139)
	at com.cmc.monitor.thread.CableModemThread$CableModelListener.next(CableModemThread.java:431)
	at org.snmp4j.util.TableUtils$TableRequest.onResponse(TableUtils.java:517)
	at org.snmp4j.Snmp.processPdu(Snmp.java:1203)
	at org.snmp4j.MessageDispatcherImpl.fireProcessPdu(MessageDispatcherImpl.java:675)
	at org.snmp4j.MessageDispatcherImpl.dispatchMessage(MessageDispatcherImpl.java:302)
	at org.snmp4j.MessageDispatcherImpl.processMessage(MessageDispatcherImpl.java:373)
	at org.snmp4j.MessageDispatcherImpl.processMessage(MessageDispatcherImpl.java:333)
	at org.snmp4j.transport.AbstractTransportMapping.fireProcessMessage(AbstractTransportMapping.java:76)
	at org.snmp4j.transport.DefaultUdpTransportMapping$ListenThread.run(DefaultUdpTransportMapping.java:414)
	at java.lang.Thread.run(Thread.java:745)
Caused by: com.mysql.jdbc.exceptions.jdbc4.MySQLIntegrityConstraintViolationException: Duplicate entry '00:0e:b7:00:06:81-2015-03-10 18:02:50' for key 'PRIMARY'
	at sun.reflect.NativeConstructorAccessorImpl.newInstance0(Native Method)
	at sun.reflect.NativeConstructorAccessorImpl.newInstance(NativeConstructorAccessorImpl.java:62)
	at sun.reflect.DelegatingConstructorAccessorImpl.newInstance(DelegatingConstructorAccessorImpl.java:45)
	at java.lang.reflect.Constructor.newInstance(Constructor.java:422)
	at com.mysql.jdbc.Util.handleNewInstance(Util.java:377)
	at com.mysql.jdbc.Util.getInstance(Util.java:360)
	at com.mysql.jdbc.SQLError.createSQLException(SQLError.java:971)
	at com.mysql.jdbc.MysqlIO.checkErrorPacket(MysqlIO.java:3887)
	at com.mysql.jdbc.MysqlIO.checkErrorPacket(MysqlIO.java:3823)
	at com.mysql.jdbc.MysqlIO.sendCommand(MysqlIO.java:2435)
	at com.mysql.jdbc.MysqlIO.sqlQueryDirect(MysqlIO.java:2582)
	at com.mysql.jdbc.ConnectionImpl.execSQL(ConnectionImpl.java:2530)
	at com.mysql.jdbc.PreparedStatement.executeInternal(PreparedStatement.java:1907)
	at com.mysql.jdbc.PreparedStatement.executeUpdate(PreparedStatement.java:2141)
	at com.mysql.jdbc.PreparedStatement.executeBatchSerially(PreparedStatement.java:1773)
	... 15 more
